#
# A fatal error has been detected by the Java Runtime Environment:
#
#  EXCEPTION_ACCESS_VIOLATION (0xc0000005) at pc=0x0000000066680710, pid=5912, tid=5552
#
# JRE version: Java(TM) SE Runtime Environment (8.0_20-b26) (build 1.8.0_20-b26)
# Java VM: Java HotSpot(TM) 64-Bit Server VM (25.20-b23 mixed mode windows-amd64 compressed oops)
# Problematic frame:
# V  [jvm.dll+0xa0710]
#
# Failed to write core dump. Minidumps are not enabled by default on client versions of Windows
#
# If you would like to submit a bug report, please visit:
#   http://bugreport.sun.com/bugreport/crash.jsp
#

---------------  T H R E A D  ---------------

Current thread (0x000000000250f000):  GCTaskThread [stack: 0x0000000012050000,0x0000000012150000] [id=5552]

siginfo: ExceptionCode=0xc0000005, reading address 0x0000000000000008

Registers:
RAX=0x0000000000000000, RBX=0x00000000ec3e8188, RCX=0x00000000ec3e8188, RDX=0x0000000000000000
RSP=0x000000001214f7e8, RBP=0x000000001214f9b0, RSI=0x0000000054fe29c0, RDI=0x0000000054fe29c0
R8 =0x0000000054fe29c0, R9 =0x0000000000000005, R10=0x000000000000000c, R11=0x000000000000000c
R12=0x0000000066c03080, R13=0x00000000ec3e8580, R14=0x0000000000000000, R15=0x000000000250f9f0
RIP=0x0000000066680710, EFLAGS=0x0000000000010246

Top of Stack: (sp=0x000000001214f7e8)
0x000000001214f7e8:   00000000669be132 00000000ed3e8160
0x000000001214f7f8:   0000000000000005 0000000054fe29c0
0x000000001214f808:   00000000669be3cb 00000000edc8fc70
0x000000001214f818:   0000000000001000 0000000054fe29c0
0x000000001214f828:   0000000000000002 0000000000000000
0x000000001214f838:   0000000002509e00 0000000066c03080
0x000000001214f848:   00000000669be4c0 00000000edc9791c
0x000000001214f858:   000000001214f9b0 0000000054fe29c0
0x000000001214f868:   0000000054fe29c0 00000000edc9791c
0x000000001214f878:   00000000669bf075 00000000ed3bf0f8
0x000000001214f888:   000000001214f9b0 0000000054fe29c0
0x000000001214f898:   00000000669c1925 0000000014660028
0x000000001214f8a8:   0000000000000000 000000001214f980
0x000000001214f8b8:   000000001214f990 00000000025147f0
0x000000001214f8c8:   00000000669c1000 000000001214f980
0x000000001214f8d8:   0000000000000000 000000001214f980 

Instructions: (pc=0x0000000066680710)
0x00000000666806f0:   48 8d 05 21 28 51 00 48 89 44 24 30 e8 cf 35 1d
0x0000000066680700:   00 48 81 c4 c0 00 00 00 5b c3 cc cc cc cc cc cc
0x0000000066680710:   44 8b 42 08 4c 8b ca 45 85 c0 7e 0e 41 f6 c0 01
0x0000000066680720:   75 57 41 c1 f8 03 41 8b c0 c3 79 4d 80 3d e6 1b 


Register to memory mapping:

RAX=0x0000000000000000 is an unknown value
RBX=0x00000000ec3e8188 is an oop

[error occurred during error reporting (printing register info), id 0xc0000005]

Stack: [0x0000000012050000,0x0000000012150000],  sp=0x000000001214f7e8,  free space=1021k
Native frames: (J=compiled Java code, j=interpreted, Vv=VM code, C=native code)
V  [jvm.dll+0xa0710]


---------------  P R O C E S S  ---------------

Java Threads: ( => current thread )
  0x0000000056838800 JavaThread "pool-1-thread-4" [_thread_blocked, id=5364, stack(0x00000000580c0000,0x00000000581c0000)]
  0x0000000056837800 JavaThread "pool-1-thread-3" [_thread_blocked, id=6812, stack(0x0000000057e90000,0x0000000057f90000)]
  0x0000000056837000 JavaThread "pool-1-thread-2" [_thread_blocked, id=6096, stack(0x0000000057cf0000,0x0000000057df0000)]
  0x0000000056833000 JavaThread "pool-2-thread-1" [_thread_blocked, id=5472, stack(0x0000000057b30000,0x0000000057c30000)]
  0x00000000566a4800 JavaThread "pool-1-thread-1" [_thread_blocked, id=3244, stack(0x0000000056e80000,0x0000000056f80000)]
  0x000000005647d000 JavaThread "Service Thread" daemon [_thread_blocked, id=3532, stack(0x0000000057200000,0x0000000057300000)]
  0x0000000056455000 JavaThread "C1 CompilerThread2" daemon [_thread_blocked, id=6740, stack(0x0000000056f90000,0x0000000057090000)]
  0x0000000056454000 JavaThread "C2 CompilerThread1" daemon [_thread_blocked, id=6280, stack(0x0000000056b80000,0x0000000056c80000)]
  0x0000000056449800 JavaThread "C2 CompilerThread0" daemon [_thread_blocked, id=5064, stack(0x0000000056d30000,0x0000000056e30000)]
  0x0000000056448800 JavaThread "Attach Listener" daemon [_thread_blocked, id=6572, stack(0x0000000056a60000,0x0000000056b60000)]
  0x000000005504e800 JavaThread "Signal Dispatcher" daemon [_thread_blocked, id=748, stack(0x0000000056890000,0x0000000056990000)]
  0x0000000054ff0800 JavaThread "Finalizer" daemon [_thread_blocked, id=5212, stack(0x00000000561d0000,0x00000000562d0000)]
  0x0000000054fed800 JavaThread "Reference Handler" daemon [_thread_blocked, id=6464, stack(0x0000000056340000,0x0000000056440000)]
  0x00000000024be000 JavaThread "main" [_thread_blocked, id=5252, stack(0x0000000002640000,0x0000000002740000)]

Other Threads:
  0x0000000054fe7800 VMThread [stack: 0x00000000560a0000,0x00000000561a0000] [id=4272]
  0x0000000056495800 WatcherThread [stack: 0x00000000570d0000,0x00000000571d0000] [id=2776]

=>0x000000000250f000 (exited) GCTaskThread [stack: 0x0000000012050000,0x0000000012150000] [id=5552]

VM state:at safepoint (normal execution)

VM Mutex/Monitor currently owned by a thread:  ([mutex/lock_event])
[0x00000000024bbd40] Threads_lock - owner thread: 0x0000000054fe7800
[0x00000000024bc240] Heap_lock - owner thread: 0x0000000056837800

Heap:
 PSYoungGen      total 47616K, used 46953K [0x00000000eab00000, 0x00000000ee000000, 0x0000000100000000)
  eden space 40960K, 100% used [0x00000000eab00000,0x00000000ed300000,0x00000000ed300000)
  from space 6656K, 90% used [0x00000000ed300000,0x00000000ed8da678,0x00000000ed980000)
  to   space 6656K, 99% used [0x00000000ed980000,0x00000000edfffc70,0x00000000ee000000)
 ParOldGen       total 109568K, used 3378K [0x00000000c0000000, 0x00000000c6b00000, 0x00000000eab00000)
  object space 109568K, 3% used [0x00000000c0000000,0x00000000c034cb38,0x00000000c6b00000)
 Metaspace       used 6187K, capacity 7088K, committed 7296K, reserved 1056768K
  class space    used 589K, capacity 616K, committed 640K, reserved 1048576K

Card table byte_map: [0x0000000011b00000,0x0000000011d10000] byte_map_base: 0x0000000011500000

Marking Bits: (ParMarkBitMap*) 0x0000000066dbb460
 Begin Bits: [0x0000000012460000, 0x0000000013460000)
 End Bits:   [0x0000000013460000, 0x0000000014460000)

Polling page: 0x0000000000230000

CodeCache: size=245760Kb used=7555Kb max_used=7571Kb free=238204Kb
 bounds [0x0000000002740000, 0x0000000002eb0000, 0x0000000011740000]
 total_blobs=1980 nmethods=1714 adapters=180
 compilation: enabled

Compilation events (10 events):
Event: 3.760 Thread 0x0000000056455000 1719       3       com.android.dx.cf.direct.StdAttributeFactory::localVariableTable (98 bytes)
Event: 3.761 Thread 0x0000000056455000 nmethod 1719 0x0000000002e9ecd0 code [0x0000000002e9ef80, 0x0000000002ea0078]
Event: 3.763 Thread 0x0000000056455000 1720       3       com.android.dx.ssa.NormalSsaInsn::isMoveException (20 bytes)
Event: 3.764 Thread 0x0000000056455000 nmethod 1720 0x0000000002ea0bd0 code [0x0000000002ea0d40, 0x0000000002ea1030]
Event: 3.767 Thread 0x0000000056455000 1722       3       com.android.dx.cf.code.Merger::mergeType (142 bytes)
Event: 3.768 Thread 0x0000000056455000 nmethod 1722 0x0000000002ea1110 code [0x0000000002ea13c0, 0x0000000002ea2828]
Event: 3.771 Thread 0x0000000056454000 nmethod 1700 0x0000000002ea7110 code [0x0000000002ea73a0, 0x0000000002ea8930]
Event: 3.771 Thread 0x0000000056454000 1723       4       com.android.dx.rop.type.Type::equals (31 bytes)
Event: 3.772 Thread 0x0000000056454000 nmethod 1723 0x0000000002ea4010 code [0x0000000002ea4160, 0x0000000002ea42d8]
Event: 3.772 Thread 0x0000000056454000 1703       4       com.android.dx.ssa.back.FirstFitLocalCombiningAllocator::getParameterIndexForReg (55 bytes)

GC Heap History (3 events):
Event: 1.656 GC heap before
{Heap before GC invocations=1 (full 0):
 PSYoungGen      total 47616K, used 40960K [0x00000000eab00000, 0x00000000ee000000, 0x0000000100000000)
  eden space 40960K, 100% used [0x00000000eab00000,0x00000000ed300000,0x00000000ed300000)
  from space 6656K, 0% used [0x00000000ed980000,0x00000000ed980000,0x00000000ee000000)
  to   space 6656K, 0% used [0x00000000ed300000,0x00000000ed300000,0x00000000ed980000)
 ParOldGen       total 109568K, used 0K [0x00000000c0000000, 0x00000000c6b00000, 0x00000000eab00000)
  object space 109568K, 0% used [0x00000000c0000000,0x00000000c0000000,0x00000000c6b00000)
 Metaspace       used 5954K, capacity 6896K, committed 7040K, reserved 1056768K
  class space    used 588K, capacity 616K, committed 640K, reserved 1048576K
Event: 1.665 GC heap after
Heap after GC invocations=1 (full 0):
 PSYoungGen      total 47616K, used 5993K [0x00000000eab00000, 0x00000000ee000000, 0x0000000100000000)
  eden space 40960K, 0% used [0x00000000eab00000,0x00000000eab00000,0x00000000ed300000)
  from space 6656K, 90% used [0x00000000ed300000,0x00000000ed8da678,0x00000000ed980000)
  to   space 6656K, 0% used [0x00000000ed980000,0x00000000ed980000,0x00000000ee000000)
 ParOldGen       total 109568K, used 16K [0x00000000c0000000, 0x00000000c6b00000, 0x00000000eab00000)
  object space 109568K, 0% used [0x00000000c0000000,0x00000000c0004000,0x00000000c6b00000)
 Metaspace       used 5954K, capacity 6896K, committed 7040K, reserved 1056768K
  class space    used 588K, capacity 616K, committed 640K, reserved 1048576K
}
Event: 3.775 GC heap before
{Heap before GC invocations=2 (full 0):
 PSYoungGen      total 47616K, used 46953K [0x00000000eab00000, 0x00000000ee000000, 0x0000000100000000)
  eden space 40960K, 100% used [0x00000000eab00000,0x00000000ed300000,0x00000000ed300000)
  from space 6656K, 90% used [0x00000000ed300000,0x00000000ed8da678,0x00000000ed980000)
  to   space 6656K, 0% used [0x00000000ed980000,0x00000000ed980000,0x00000000ee000000)
 ParOldGen       total 109568K, used 16K [0x00000000c0000000, 0x00000000c6b00000, 0x00000000eab00000)
  object space 109568K, 0% used [0x00000000c0000000,0x00000000c0004000,0x00000000c6b00000)
 Metaspace       used 6187K, capacity 7088K, committed 7296K, reserved 1056768K
  class space    used 589K, capacity 616K, committed 640K, reserved 1048576K

Deoptimization events (10 events):
Event: 2.137 Thread 0x0000000056837800 Uncommon trap: reason=uninitialized action=reinterpret pc=0x0000000002c5d9d0 method=com.android.dx.cf.code.BytecodeArray.parseInstruction(ILcom/android/dx/cf/code/BytecodeArray$Visitor;)I @ 999
Event: 2.207 Thread 0x0000000056837800 Uncommon trap: reason=bimorphic action=maybe_recompile pc=0x0000000002a5b168 method=java.util.HashMap.getNode(ILjava/lang/Object;)Ljava/util/HashMap$Node; @ 126
Event: 2.215 Thread 0x0000000056837800 Uncommon trap: reason=bimorphic action=maybe_recompile pc=0x0000000002a5b168 method=java.util.HashMap.getNode(ILjava/lang/Object;)Ljava/util/HashMap$Node; @ 126
Event: 2.996 Thread 0x0000000056838800 Uncommon trap: reason=bimorphic action=maybe_recompile pc=0x0000000002db8f20 method=com.android.dx.ssa.LiteralOpUpgrader.tryReplacingWithConstant(Lcom/android/dx/ssa/NormalSsaInsn;)Z @ 62
Event: 2.997 Thread 0x0000000056838800 Uncommon trap: reason=unreached action=reinterpret pc=0x0000000002d1b9bc method=com.android.dx.dex.code.RopToDop.dopFor(Lcom/android/dx/rop/code/Insn;)Lcom/android/dx/dex/code/Dop; @ 747
Event: 3.730 Thread 0x0000000056837800 Uncommon trap: reason=class_check action=maybe_recompile pc=0x0000000002e35b40 method=com.android.dx.ssa.SCCP.setLatticeValueTo(IILcom/android/dx/rop/cst/Constant;)Z @ 43
Event: 3.730 Thread 0x0000000056837800 Uncommon trap: reason=class_check action=maybe_recompile pc=0x0000000002e2245c method=com.android.dx.ssa.SCCP.setLatticeValueTo(IILcom/android/dx/rop/cst/Constant;)Z @ 43
Event: 3.739 Thread 0x0000000056837800 Uncommon trap: reason=unreached action=reinterpret pc=0x0000000002e67014 method=com.android.dx.cf.code.BytecodeArray.parseInstruction(ILcom/android/dx/cf/code/BytecodeArray$Visitor;)I @ 1198
Event: 3.767 Thread 0x0000000056837800 Uncommon trap: reason=null_check action=make_not_entrant pc=0x0000000002a58314 method=com.android.dx.rop.type.Type.equals(Ljava/lang/Object;)Z @ 8
Event: 3.767 Thread 0x0000000056837800 Uncommon trap: reason=unreached action=reinterpret pc=0x0000000002cfc0f8 method=com.android.dx.cf.code.Merger.mergeType(Lcom/android/dx/rop/type/TypeBearer;Lcom/android/dx/rop/type/TypeBearer;)Lcom/android/dx/rop/type/TypeBearer; @ 15

Internal exceptions (10 events):
Event: 0.584 Thread 0x00000000024be000 Exception <a 'java/security/PrivilegedActionException'> (0x00000000ec433950) thrown at [D:\re\workspace\8-2-build-windows-amd64-cygwin\jdk8u20\1074\hotspot\src\share\vm\prims\jvm.cpp, line 1275]
Event: 0.584 Thread 0x00000000024be000 Exception <a 'java/security/PrivilegedActionException'> (0x00000000ec436978) thrown at [D:\re\workspace\8-2-build-windows-amd64-cygwin\jdk8u20\1074\hotspot\src\share\vm\prims\jvm.cpp, line 1275]
Event: 0.599 Thread 0x0000000056837800 Exception <a 'java/security/PrivilegedActionException'> (0x00000000ec295cc0) thrown at [D:\re\workspace\8-2-build-windows-amd64-cygwin\jdk8u20\1074\hotspot\src\share\vm\prims\jvm.cpp, line 1275]
Event: 0.641 Thread 0x0000000056837000 Exception <a 'java/security/PrivilegedActionException'> (0x00000000ec588480) thrown at [D:\re\workspace\8-2-build-windows-amd64-cygwin\jdk8u20\1074\hotspot\src\share\vm\prims\jvm.cpp, line 1275]
Event: 0.661 Thread 0x0000000056837800 Exception <a 'java/security/PrivilegedActionException'> (0x00000000ec30c310) thrown at [D:\re\workspace\8-2-build-windows-amd64-cygwin\jdk8u20\1074\hotspot\src\share\vm\prims\jvm.cpp, line 1275]
Event: 0.719 Thread 0x00000000024be000 Exception <a 'java/security/PrivilegedActionException'> (0x00000000ec5524a8) thrown at [D:\re\workspace\8-2-build-windows-amd64-cygwin\jdk8u20\1074\hotspot\src\share\vm\prims\jvm.cpp, line 1275]
Event: 1.277 Thread 0x0000000056837800 Exception <a 'java/security/PrivilegedActionException'> (0x00000000ecfce358) thrown at [D:\re\workspace\8-2-build-windows-amd64-cygwin\jdk8u20\1074\hotspot\src\share\vm\prims\jvm.cpp, line 1275]
Event: 1.897 Thread 0x0000000056838800 Exception <a 'java/security/PrivilegedActionException'> (0x00000000eaffa528) thrown at [D:\re\workspace\8-2-build-windows-amd64-cygwin\jdk8u20\1074\hotspot\src\share\vm\prims\jvm.cpp, line 1275]
Event: 3.582 Thread 0x0000000056838800 Exception <a 'java/security/PrivilegedActionException'> (0x00000000ec9f0610) thrown at [D:\re\workspace\8-2-build-windows-amd64-cygwin\jdk8u20\1074\hotspot\src\share\vm\prims\jvm.cpp, line 1275]
Event: 3.767 Thread 0x0000000056837800 Implicit null exception at 0x0000000002a58212 to 0x0000000002a58305

Events (10 events):
Event: 3.739 Thread 0x0000000056837800 Uncommon trap: trap_request=0xffffffad fr.pc=0x0000000002e67014
Event: 3.739 Thread 0x0000000056837800 DEOPT PACKING pc=0x0000000002e67014 sp=0x0000000057f8e7a0
Event: 3.739 Thread 0x0000000056837800 DEOPT UNPACKING pc=0x000000000278556a sp=0x0000000057f8e778 mode 2
Event: 3.767 Thread 0x0000000056837800 Uncommon trap: trap_request=0xfffffff4 fr.pc=0x0000000002a58314
Event: 3.767 Thread 0x0000000056837800 DEOPT PACKING pc=0x0000000002a58314 sp=0x0000000057f8e430
Event: 3.767 Thread 0x0000000056837800 DEOPT UNPACKING pc=0x000000000278556a sp=0x0000000057f8e3b8 mode 2
Event: 3.767 Thread 0x0000000056837800 Uncommon trap: trap_request=0xffffffad fr.pc=0x0000000002cfc0f8
Event: 3.767 Thread 0x0000000056837800 DEOPT PACKING pc=0x0000000002cfc0f8 sp=0x0000000057f8e450
Event: 3.767 Thread 0x0000000056837800 DEOPT UNPACKING pc=0x000000000278556a sp=0x0000000057f8e3d0 mode 2
Event: 3.775 Executing VM operation: ParallelGCFailedAllocation


Dynamic libraries:
0x000000013f1c0000 - 0x000000013f1f4000 	E:\Java\jdk1.8.0_20\bin\java.exe
0x0000000076df0000 - 0x0000000076f99000 	C:\Windows\SYSTEM32\ntdll.dll
0x0000000076cd0000 - 0x0000000076df0000 	C:\Windows\system32\kernel32.dll
0x000007fefca30000 - 0x000007fefca9c000 	C:\Windows\system32\KERNELBASE.dll
0x000007fefdd50000 - 0x000007fefde2b000 	C:\Windows\system32\ADVAPI32.dll
0x000007fefdbd0000 - 0x000007fefdc6f000 	C:\Windows\system32\msvcrt.dll
0x000007feff0c0000 - 0x000007feff0df000 	C:\Windows\SYSTEM32\sechost.dll
0x000007fefe060000 - 0x000007fefe18d000 	C:\Windows\system32\RPCRT4.dll
0x0000000076bd0000 - 0x0000000076cca000 	C:\Windows\system32\USER32.dll
0x000007fefd730000 - 0x000007fefd797000 	C:\Windows\system32\GDI32.dll
0x000007fefd720000 - 0x000007fefd72e000 	C:\Windows\system32\LPK.dll
0x000007fefd7a0000 - 0x000007fefd86a000 	C:\Windows\system32\USP10.dll
0x000007fefb060000 - 0x000007fefb254000 	C:\Windows\WinSxS\amd64_microsoft.windows.common-controls_6595b64144ccf1df_6.0.7601.18837_none_fa3b1e3d17594757\COMCTL32.dll
0x000007fefd870000 - 0x000007fefd8e1000 	C:\Windows\system32\SHLWAPI.dll
0x000007fefce60000 - 0x000007fefce8e000 	C:\Windows\system32\IMM32.DLL
0x000007fefda60000 - 0x000007fefdb69000 	C:\Windows\system32\MSCTF.dll
0x0000000064e70000 - 0x0000000064f42000 	E:\Java\jdk1.8.0_20\jre\bin\msvcr100.dll
0x00000000665e0000 - 0x0000000066e38000 	E:\Java\jdk1.8.0_20\jre\bin\server\jvm.dll
0x000007fef5f00000 - 0x000007fef5f09000 	C:\Windows\system32\WSOCK32.dll
0x000007fefce90000 - 0x000007fefcedd000 	C:\Windows\system32\WS2_32.dll
0x000007fefd200000 - 0x000007fefd208000 	C:\Windows\system32\NSI.dll
0x000007fefcc10000 - 0x000007fefcc4b000 	C:\Windows\system32\WINMM.dll
0x0000000076fc0000 - 0x0000000076fc7000 	C:\Windows\system32\PSAPI.DLL
0x000000006bd20000 - 0x000000006bd2f000 	E:\Java\jdk1.8.0_20\jre\bin\verify.dll
0x000000006b7e0000 - 0x000000006b808000 	E:\Java\jdk1.8.0_20\jre\bin\java.dll
0x000000006bd00000 - 0x000000006bd16000 	E:\Java\jdk1.8.0_20\jre\bin\zip.dll
0x000007fefe330000 - 0x000007feff0b9000 	C:\Windows\system32\SHELL32.dll
0x000007fefd3f0000 - 0x000007fefd5f3000 	C:\Windows\system32\ole32.dll
0x000007fefca10000 - 0x000007fefca1f000 	C:\Windows\system32\profapi.dll
0x000007fef73e0000 - 0x000007fef7505000 	C:\Windows\system32\dbghelp.dll

VM Arguments:
jvm_args: -Djava.awt.headless=true -Xmx1024M -Dfile.encoding=GBK -Duser.country=CN -Duser.language=zh -Duser.variant 
java_command: com.android.dx.command.Main --dex --force-jumbo --num-threads=4 --output E:\BigHealt\app\build\intermediates\pre-dexed\debug\com.google.android.gms-play-services-basement-8.1.0_df26d9b72dfcb6c5624a791e1c2d6cf20b3bdc4b.jar E:\BigHealt\app\build\intermediates\exploded-aar\com.google.android.gms\play-services-basement\8.1.0\jars\classes.jar
java_class_path (initial): E:\sdk\build-tools\23.0.3\lib\dx.jar
Launcher Type: SUN_STANDARD

Environment Variables:
JAVA_HOME=E:\Java\jdk1.8.0_20
CLASSPATH=.;E:\Java\jdk1.8.0_20\lib;E:\Java\jdk1.8.0_20\lib\tools.jar
PATH=E:\Java\jdk1.8.0_20\bin;E:\Java\jdk1.8.0_20\jre\bin;C:\Windows\system32;C:\Windows;C:\Windows\System32\Wbem;C:\Windows\System32\WindowsPowerShell\v1.0\;E:\Program Files\Git\Git\cmd
USERNAME=Administrator
OS=Windows_NT
PROCESSOR_IDENTIFIER=Intel64 Family 6 Model 60 Stepping 3, GenuineIntel



---------------  S Y S T E M  ---------------

OS: Windows 7 , 64 bit Build 7601 Service Pack 1

CPU:total 4 (2 cores per cpu, 2 threads per core) family 6 model 60 stepping 3, cmov, cx8, fxsr, mmx, sse, sse2, sse3, ssse3, sse4.1, sse4.2, popcnt, avx, avx2, aes, clmul, erms, lzcnt, ht, tsc, tscinvbit, bmi1, bmi2

Memory: 4k page, physical 10402336k(3563596k free), swap 20804672k(12402272k free)

vm_info: Java HotSpot(TM) 64-Bit Server VM (25.20-b23) for windows-amd64 JRE (1.8.0_20-b26), built on Jul 30 2014 13:51:23 by "java_re" with MS VC++ 10.0 (VS2010)

time: Thu Sep 08 13:35:44 2016
elapsed time: 5 seconds (0d 0h 0m 5s)

